<?xml version="1.0" encoding="UTF-8"?>
<!-- Generated by org.testng.reporters.JUnitReportReporter -->
<testsuite skipped="0" hostname="DESKTOP-ASSN5L2" name="LoginTest" tests="1" failures="0" timestamp="14 Mar 2019 16:26:37 GMT" time="8.309" errors="0">
  <testcase name="doLogin" time="8.309" classname="LoginTest"/>
</testsuite> <!-- LoginTest -->
